<?xml version="1.0" encoding="UTF-8"?>
<!-- Generated by org.testng.reporters.JUnitXMLReporter -->
<testsuite hostname="DESKTOP-Q4STA4E" ignored="0" name="Test" tests="4" failures="4" timestamp="21 Jan 2020 09:55:02 GMT" time="134.645" errors="0">
  <testcase name="testInvalidLogin" time="0.016" classname="com.actitime.Tests.InvalidLoginTest">
    <failure type="java.lang.NoClassDefFoundError" message="org/apache/poi/ss/usermodel/WorkbookFactory">
      <![CDATA[java.lang.NoClassDefFoundError: org/apache/poi/ss/usermodel/WorkbookFactory
at com.actitime.Generic.Exceldata.getData(Exceldata.java:19)
at com.actitime.Tests.InvalidLoginTest.testInvalidLogin(InvalidLoginTest.java:19)
Caused by: java.lang.ClassNotFoundException: org.apache.poi.ss.usermodel.WorkbookFactory
at java.net.URLClassLoader.findClass(URLClassLoader.java:382)
at java.lang.ClassLoader.loadClass(ClassLoader.java:424)
at sun.misc.Launcher$AppClassLoader.loadClass(Launcher.java:349)
at java.lang.ClassLoader.loadClass(ClassLoader.java:357)
... 26 more
... Removed 24 stack frames]]>
    </failure>
  </testcase> <!-- testInvalidLogin -->
  <testcase name="testValidLoginLogout" time="0.001" classname="com.actitime.Tests.ValidLoginLogoutTest">
    <failure type="java.lang.NoClassDefFoundError" message="org/apache/poi/ss/usermodel/WorkbookFactory">
      <![CDATA[java.lang.NoClassDefFoundError: org/apache/poi/ss/usermodel/WorkbookFactory
at com.actitime.Generic.Exceldata.getData(Exceldata.java:19)
at com.actitime.Tests.ValidLoginLogoutTest.testValidLoginLogout(ValidLoginLogoutTest.java:16)
... Removed 24 stack frames]]>
    </failure>
  </testcase> <!-- testValidLoginLogout -->
  <testcase name="testVerifyVersion" time="0.0" classname="com.actitime.Tests.VerifyVersionTest">
    <failure type="java.lang.NoClassDefFoundError" message="org/apache/poi/ss/usermodel/WorkbookFactory">
      <![CDATA[java.lang.NoClassDefFoundError: org/apache/poi/ss/usermodel/WorkbookFactory
at com.actitime.Generic.Exceldata.getData(Exceldata.java:19)
at com.actitime.Tests.VerifyVersionTest.testVerifyVersion(VerifyVersionTest.java:16)
... Removed 24 stack frames]]>
    </failure>
  </testcase> <!-- testVerifyVersion -->
  <testcase name="testVerifyBuildNo" time="0.0" classname="com.actitime.Tests.VerifyBuldTest">
    <failure type="java.lang.NoClassDefFoundError" message="org/apache/poi/ss/usermodel/WorkbookFactory">
      <![CDATA[java.lang.NoClassDefFoundError: org/apache/poi/ss/usermodel/WorkbookFactory
at com.actitime.Generic.Exceldata.getData(Exceldata.java:19)
at com.actitime.Tests.VerifyBuldTest.testVerifyBuildNo(VerifyBuldTest.java:17)
... Removed 24 stack frames]]>
    </failure>
  </testcase> <!-- testVerifyBuildNo -->
</testsuite> <!-- Test -->
